error: Dec-10-2021 14:08:25: 	Erreur de connexion a SQL Server
error: Dec-10-2021 14:08:25: 	undefined
error: Dec-10-2021 14:09:32: 	Erreur de connexion a SQL Server
error: Dec-10-2021 14:09:32: 	undefined
error: Dec-10-2021 14:09:56: 	Erreur de connexion a SQL Server
error: Dec-10-2021 14:09:56: 	undefined
error: Dec-10-2021 14:13:56: 	Erreur de connexion a SQL Server
error: Dec-10-2021 14:13:56: 	undefined
error: Dec-10-2021 14:19:58: 	Erreur de connexion a SQL Server
error: Dec-10-2021 14:19:58: 	undefined
error: Dec-10-2021 14:20:39: 	Erreur de connexion a SQL Server
error: Dec-10-2021 14:20:39: 	undefined
error: Dec-10-2021 14:21:25: 	Erreur de connexion a SQL Server
error: Dec-10-2021 14:21:25: 	undefined
error: Dec-10-2021 14:22:26: 	Erreur de connexion a SQL Server
error: Dec-10-2021 14:22:26: 	undefined
error: Dec-20-2021 10:10:30: 	User gurvan.seveno@gmail.com) tried to connect from undefined with incorrect mail
error: Dec-20-2021 10:14:39: 	User gurvan.seveno@gmail.com) tried to connect from undefined with incorrect mail
error: Dec-20-2021 10:18:43: 	User gurvan.seveno@gmail.com) tried to connect from undefined with incorrect mail
error: Dec-20-2021 10:19:08: 	User gurvan.seveno@gmail.com) tried to connect from undefined with incorrect mail
error: Dec-20-2021 10:19:26: 	User gurvan.seveno@gmail.com) tried to connect from undefined with incorrect mail
error: Dec-20-2021 10:19:41: 	User gurvan.seveno@gmail.com) tried to connect from undefined with incorrect mail
info: Dec-20-2021 10:26:37: 	User gurvan.seveno@gmail.com (role:undefined) connected from undefined
info: Dec-20-2021 10:27:07: 	User gurvan.seveno@gmail.com (role:undefined) connected from undefined
error: Dec-20-2021 11:16:46: 	User gurvan.seveno@gmail.com) tried to connect from undefined with incorrect mail
error: Dec-20-2021 11:17:09: 	User gurvan.seveno@gmail.com) tried to connect from undefined with incorrect mail
error: Dec-20-2021 11:17:31: 	User gurvan.seveno@gmail.com) tried to connect from undefined with incorrect mail
error: Dec-20-2021 13:29:49: 	User gurvan.seveno@gmail.com) tried to connect from undefined with incorrect mail
error: Dec-20-2021 13:33:37: 	User gurvan.seveno@gmail.com) tried to connect from undefined with incorrect mail
info: Dec-20-2021 13:38:51: 	User gurvan.seveno@gmail.com connected from undefined
info: Dec-20-2021 13:45:43: 	User gurvan.seveno@gmail.com connected from undefined
info: Dec-20-2021 13:45:47: 	User gurvan.seveno@gmail.com connected from undefined
info: Dec-20-2021 13:45:48: 	User gurvan.seveno@gmail.com connected from undefined
info: Dec-20-2021 13:45:49: 	User gurvan.seveno@gmail.com connected from undefined
info: Dec-20-2021 13:45:49: 	User gurvan.seveno@gmail.com connected from undefined
info: Dec-20-2021 13:45:50: 	User gurvan.seveno@gmail.com connected from undefined
info: Dec-20-2021 14:22:47: 	User gurvan.seveno@gmail.com connected from undefined
error: Dec-23-2021 08:43:20: 	Erreur de connexion a SQL Server
error: Dec-23-2021 08:43:20: 	undefined
error: Dec-23-2021 08:43:33: 	Erreur de connexion a SQL Server
error: Dec-23-2021 08:43:33: 	undefined
error: Dec-23-2021 08:48:48: 	Erreur de connexion a SQL Server
error: Dec-23-2021 08:48:48: 	undefined
error: Dec-23-2021 08:56:46: 	Erreur de connexion a SQL Server
error: Dec-23-2021 08:56:46: 	undefined
error: Dec-23-2021 09:16:15: 	Erreur de connexion a SQL Server
error: Dec-23-2021 09:16:15: 	undefined
error: Dec-23-2021 09:17:48: 	Erreur de connexion a SQL Server
error: Dec-23-2021 09:17:48: 	undefined
info: Dec-23-2021 09:18:28: 	User gurvan.seveno@gmail.com connected from undefined
